<?xml version="1.0" encoding="UTF-8"?>
<testsuite xmlns:xsi="http://www.w3.org/2001/XMLSchema-instance" xsi:noNamespaceSchemaLocation="https://maven.apache.org/surefire/maven-surefire-plugin/xsd/surefire-test-report-3.0.xsd" version="3.0" name="servlet.CartTest" time="11.471" tests="5" errors="0" skipped="0" failures="0">
  <properties>
[...]
</properties>
  <testcase name="testServletListProducts" classname="servlet.CartTest" time="0.429"/>
  <testcase name="testProductAutoRemovalAfterCountdown" classname="servlet.CartTest" time="11.013">
    <system-out><![CDATA[Petition with ID: 1 was deleted for inactivity.
Petition with ID: 1 was deleted for inactivity.
]]></system-out>
  </testcase>
  <testcase name="testServletAddProduct" classname="servlet.CartTest" time="0.003"/>
  <testcase name="testServletRemoveProduct" classname="servlet.CartTest" time="0.003"/>
  <testcase name="testServletFindProductById" classname="servlet.CartTest" time="0.002"/>
</testsuite>